
> frontend@0.1.0 dev /app/apps/frontend
> next dev

⚠ Warning: Next.js inferred your workspace root, but it may not be correct.
 We detected multiple lockfiles and selected the directory of /app/pnpm-lock.yaml as the root directory.
 To silence this warning, set `turbopack.root` in your Next.js config, or consider removing one of the lockfiles if it's not needed.
   See https://nextjs.org/docs/app/api-reference/config/next-config-js/turbopack#root-directory for more information.
 Detected additional lockfiles:
   * /app/apps/frontend/pnpm-lock.yaml

▲ Next.js 16.1.6 (Turbopack)
- Local:         http://localhost:3000
- Network:       http://192.168.0.2:3000

✓ Starting...
Attention: Next.js now collects completely anonymous telemetry regarding usage.
This information is used to shape Next.js' roadmap and prioritize features.
You can learn more, including how to opt-out if you'd not like to participate in this anonymous program, by visiting the following URL:
https://nextjs.org/telemetry

✓ Ready in 1116ms
○ Compiling /blog ...
⚠ metadataBase property in metadata export is not set for resolving social open graph or twitter images, using "http://localhost:3000". See https://nextjs.org/docs/app/api-reference/functions/generate-metadata#metadatabase
 GET /blog 200 in 27.6s (compile: 25.0s, render: 2.7s)
○ Compiling /_not-found/page ...
 GET /blog 200 in 219ms (compile: 24ms, render: 195ms)
 GET /images/blog/welcome.jpg 404 in 134ms (compile: 31ms, render: 103ms)
 HEAD /blog 200 in 110ms (compile: 14ms, render: 96ms)
 HEAD /blog 200 in 162ms (compile: 24ms, render: 138ms)
○ Compiling /blog/[slug] ...
 GET /blog/bem-vindo-ao-dona-liamba 200 in 5.6s (compile: 5.2s, generate-params: 797ms, render: 329ms)
 GET /images/blog/welcome.jpg 404 in 117ms (compile: 31ms, render: 86ms)
 HEAD /blog/bem-vindo-ao-dona-liamba 200 in 313ms (compile: 105ms, generate-params: 86ms, render: 208ms)
 HEAD /blog/bem-vindo-ao-dona-liamba 200 in 126ms (compile: 14ms, generate-params: 55µs, render: 111ms)
