
> frontend@0.1.0 dev /app/apps/frontend
> next dev

⚠ Warning: Next.js inferred your workspace root, but it may not be correct.
 We detected multiple lockfiles and selected the directory of /app/pnpm-lock.yaml as the root directory.
 To silence this warning, set `turbopack.root` in your Next.js config, or consider removing one of the lockfiles if it's not needed.
   See https://nextjs.org/docs/app/api-reference/config/next-config-js/turbopack#root-directory for more information.
 Detected additional lockfiles:
   * /app/apps/frontend/pnpm-lock.yaml

▲ Next.js 16.1.6 (Turbopack)
- Local:         http://localhost:3000
- Network:       http://192.168.0.2:3000

✓ Starting...
✓ Ready in 1079ms
○ Compiling / ...
⚠ metadataBase property in metadata export is not set for resolving social open graph or twitter images, using "http://localhost:3000". See https://nextjs.org/docs/app/api-reference/functions/generate-metadata#metadatabase
 GET / 200 in 31.2s (compile: 26.4s, render: 4.8s)
 GET / 200 in 1095ms (compile: 33ms, render: 1063ms)
 HEAD / 200 in 448ms (compile: 28ms, render: 420ms)
 HEAD / 200 in 497ms (compile: 65ms, render: 432ms)
○ Compiling /membro ...
 GET /membro 200 in 6.8s (compile: 6.7s, render: 65ms)
○ Compiling /_not-found/page ...
 GET /membro 200 in 188ms (compile: 23ms, render: 165ms)
 GET /grid-pattern.svg 404 in 121ms (compile: 22ms, render: 100ms)
