
> frontend@0.1.0 build C:\Users\xteme\projetos\dona-liamba-cann-association\apps\frontend
> next build

▲ Next.js 16.1.6 (Turbopack)
- Environments: .env.local

  Creating an optimized production build ...
✓ Compiled successfully in 70s
  Running TypeScript ...
  Collecting page data using 7 workers ...
  Generating static pages using 7 workers (0/11) ...
⚠ metadataBase property in metadata export is not set for resolving social open graph or twitter images, using "http://localhost:3000". See https://nextjs.org/docs/app/api-reference/functions/generate-metadata#metadatabase
  Generating static pages using 7 workers (2/11) 
  Generating static pages using 7 workers (5/11) 
  Generating static pages using 7 workers (8/11) 
✓ Generating static pages using 7 workers (11/11) in 2.5s
  Finalizing page optimization ...

Route (app)                         Revalidate  Expire
┌ ○ /                                       1h      1y
├ ○ /_not-found
├ ƒ /api/leads
├ ƒ /api/onboarding
├ ƒ /api/prescriptions
├ ƒ /api/transactions
├ ƒ /associations/[id]
├ ○ /blog                                   1h      1y
├ ● /blog/[slug]
│ └ /blog/bem-vindo-ao-dona-liamba
├ ○ /cadastro-paciente
├ ○ /dashboard                              1h      1y
├ ○ /membro
├ ○ /onboarding/association
└ ○ /onboarding/doctor


○  (Static)   prerendered as static content
●  (SSG)      prerendered as static HTML (uses generateStaticParams)
ƒ  (Dynamic)  server-rendered on demand

